<?xml version="1.0" encoding="UTF-8"?>
<!-- Generated by org.testng.reporters.JUnitXMLReporter -->
<testsuite ignored="0" hostname="Swapnil" failures="1" tests="12" name="Test" time="230.766" errors="0" timestamp="2024-02-02T21:12:47 EST">
  <testcase classname="codewithswapnil.AppiumBasics" name="AppiumTest" time="10.353"/>
  <testcase classname="codewithswapnil.DragAndDropDemo" name="dragAndDropDemoTest" time="6.438"/>
  <testcase classname="codewithswapnil.Miscellaneous" name="orientationDemo" time="7.492">
    <failure type="org.openqa.selenium.StaleElementReferenceException" message="The element &amp;apos;By.xpath: (//android.widget.RelativeLayout)[2]&amp;apos; does not exist in DOM anymore
For documentation on this error, please visit: https://www.selenium.dev/documentation/webdriver/troubleshooting/errors#stale-element-reference-exception
Build info: version: &amp;apos;4.17.0&amp;apos;, revision: &amp;apos;e52b1be057*&amp;apos;
System info: os.name: &amp;apos;Windows 11&amp;apos;, os.arch: &amp;apos;amd64&amp;apos;, os.version: &amp;apos;10.0&amp;apos;, java.version: &amp;apos;17.0.2&amp;apos;
Driver info: io.appium.java_client.android.AndroidDriver
Command: [708ed2ff-8b01-4af3-8eff-195361c28501, clickElement {id=00000000-0000-002f-ffff-ffff00000048}]
Capabilities {appium:app: C:\Users\Swapn\eclipse-work..., appium:appPackage: io.appium.android.apis, appium:automationName: UIAutomator2, appium:databaseEnabled: false, appium:desired: {app: C:\Users\Swapn\eclipse-work..., automationName: UIAutomator2, deviceName: SwapnilPhone, platformName: ANDROID}, appium:deviceApiLevel: 34, appium:deviceManufacturer: Google, appium:deviceModel: sdk_gphone64_x86_64, appium:deviceName: emulator-5554, appium:deviceScreenDensity: 440, appium:deviceScreenSize: 1080x2220, appium:deviceUDID: emulator-5554, appium:javascriptEnabled: true, appium:locationContextEnabled: false, appium:networkConnectionEnabled: true, appium:pixelRatio: 2.75, appium:platformVersion: 14, appium:statBarHeight: 66, appium:takesScreenshot: true, appium:viewportRect: {height: 2154, left: 0, top: 66, width: 1080}, appium:warnings: {}, appium:webStorageEnabled: false, platformName: ANDROID}
Element: [[AndroidDriver:  on ANDROID (708ed2ff-8b01-4af3-8eff-195361c28501)] -&amp;gt; xpath: (//android.widget.RelativeLayout)[2]]
Session ID: 708ed2ff-8b01-4af3-8eff-195361c28501">
      <![CDATA[org.openqa.selenium.StaleElementReferenceException: The element 'By.xpath: (//android.widget.RelativeLayout)[2]' does not exist in DOM anymore
For documentation on this error, please visit: https://www.selenium.dev/documentation/webdriver/troubleshooting/errors#stale-element-reference-exception
Build info: version: '4.17.0', revision: 'e52b1be057*'
System info: os.name: 'Windows 11', os.arch: 'amd64', os.version: '10.0', java.version: '17.0.2'
Driver info: io.appium.java_client.android.AndroidDriver
Command: [708ed2ff-8b01-4af3-8eff-195361c28501, clickElement {id=00000000-0000-002f-ffff-ffff00000048}]
Capabilities {appium:app: C:\Users\Swapn\eclipse-work..., appium:appPackage: io.appium.android.apis, appium:automationName: UIAutomator2, appium:databaseEnabled: false, appium:desired: {app: C:\Users\Swapn\eclipse-work..., automationName: UIAutomator2, deviceName: SwapnilPhone, platformName: ANDROID}, appium:deviceApiLevel: 34, appium:deviceManufacturer: Google, appium:deviceModel: sdk_gphone64_x86_64, appium:deviceName: emulator-5554, appium:deviceScreenDensity: 440, appium:deviceScreenSize: 1080x2220, appium:deviceUDID: emulator-5554, appium:javascriptEnabled: true, appium:locationContextEnabled: false, appium:networkConnectionEnabled: true, appium:pixelRatio: 2.75, appium:platformVersion: 14, appium:statBarHeight: 66, appium:takesScreenshot: true, appium:viewportRect: {height: 2154, left: 0, top: 66, width: 1080}, appium:warnings: {}, appium:webStorageEnabled: false, platformName: ANDROID}
Element: [[AndroidDriver:  on ANDROID (708ed2ff-8b01-4af3-8eff-195361c28501)] -> xpath: (//android.widget.RelativeLayout)[2]]
Session ID: 708ed2ff-8b01-4af3-8eff-195361c28501
at org.openqa.selenium.remote.codec.w3c.W3CHttpResponseCodec.createException(W3CHttpResponseCodec.java:185)
at org.openqa.selenium.remote.codec.w3c.W3CHttpResponseCodec.decode(W3CHttpResponseCodec.java:134)
at org.openqa.selenium.remote.codec.w3c.W3CHttpResponseCodec.decode(W3CHttpResponseCodec.java:51)
at org.openqa.selenium.remote.HttpCommandExecutor.execute(HttpCommandExecutor.java:190)
at io.appium.java_client.remote.AppiumCommandExecutor.execute(AppiumCommandExecutor.java:237)
at org.openqa.selenium.remote.RemoteWebDriver.execute(RemoteWebDriver.java:519)
at org.openqa.selenium.remote.RemoteWebElement.execute(RemoteWebElement.java:223)
at org.openqa.selenium.remote.RemoteWebElement.click(RemoteWebElement.java:76)
at codewithswapnil.Miscellaneous.orientationDemo(Miscellaneous.java:25)
at java.base/java.util.ArrayList.forEach(ArrayList.java:1511)
... Removed 32 stack frames]]>
    </failure>
  </testcase> <!-- orientationDemo -->
  <testcase classname="codewithswapnil.LongPressDemo" name="longPressDemoTest" time="11.425"/>
  <testcase classname="codewithswapnil.InClassPractice" name="FDMPractice" time="12.725"/>
  <testcase classname="codewithswapnil.ScrollDemo" name="scrollDemoTest" time="9.452"/>
  <testcase classname="codewithswapnil.SwipeDemo" name="swipeDemoTest" time="10.173"/>
  <testcase classname="codewithswapnil.Gestures" name="dragAndDropDemoTest" time="6.459"/>
  <testcase classname="codewithswapnil.Gestures" name="longPressDemoTest" time="10.908"/>
  <testcase classname="codewithswapnil.Gestures" name="scrollDemoTest" time="8.531"/>
  <testcase classname="codewithswapnil.Gestures" name="swipeDemoTest" time="8.559"/>
  <testcase classname="codewithswapnil.Assignment1" name="alertDialogs" time="10.224"/>
</testsuite> <!-- Test -->
