<?xml version="1.0" encoding="UTF-8"?>
<testng-results ignored="0" total="1" passed="1" failed="0" skipped="0">
  <reporter-output>
  </reporter-output>
  <suite started-at="2024-01-25T14:58:21 EST" name="Default suite" finished-at="2024-01-25T14:58:43 EST" duration-ms="22573">
    <groups>
    </groups>
    <test started-at="2024-01-25T14:58:21 EST" name="Default test" finished-at="2024-01-25T14:58:43 EST" duration-ms="22573">
      <class name="codewithswapnil.AppiumBasics">
        <test-method signature="AppiumTest()[pri:0, instance:codewithswapnil.AppiumBasics@1139b2f3]" started-at="2024-01-25T14:58:21 EST" name="AppiumTest" finished-at="2024-01-25T14:58:43 EST" duration-ms="22526" status="PASS">
          <reporter-output>
          </reporter-output>
        </test-method> <!-- AppiumTest -->
      </class> <!-- codewithswapnil.AppiumBasics -->
    </test> <!-- Default test -->
  </suite> <!-- Default suite -->
</testng-results>
